This is pdfTeX, Version 3.1415926-2.4-1.40.13 (MiKTeX 2.9) (preloaded format=pdflatex 2014.6.26)  10 JUL 2014 22:50
entering extended mode
**rfid_doc.tex

(G:\parin_sir\RFID\RF-ID_interfacing_basic\Documentation&tutorial\RFID_manual\r
fid_doc.tex
LaTeX2e <2011/06/27>
Babel <v3.8m> and hyphenation patterns for english, afrikaans, ancientgreek, ar
abic, armenian, assamese, basque, bengali, bokmal, bulgarian, catalan, coptic, 
croatian, czech, danish, dutch, esperanto, estonian, farsi, finnish, french, ga
lician, german, german-x-2012-05-30, greek, gujarati, hindi, hungarian, iceland
ic, indonesian, interlingua, irish, italian, kannada, kurmanji, latin, latvian,
 lithuanian, malayalam, marathi, mongolian, mongolianlmc, monogreek, ngerman, n
german-x-2012-05-30, nynorsk, oriya, panjabi, pinyin, polish, portuguese, roman
ian, russian, sanskrit, serbian, slovak, slovenian, spanish, swedish, swissgerm
an, tamil, telugu, turkish, turkmen, ukenglish, ukrainian, uppersorbian, usengl
ishmax, welsh, loaded.
("C:\Program Files\MiKTeX 2.9\tex\latex\base\article.cls"
Document Class: article 2007/10/19 v1.4h Standard LaTeX document class
("C:\Program Files\MiKTeX 2.9\tex\latex\base\size10.clo"
File: size10.clo 2007/10/19 v1.4h Standard LaTeX file (size option)
)
\c@part=\count79
\c@section=\count80
\c@subsection=\count81
\c@subsubsection=\count82
\c@paragraph=\count83
\c@subparagraph=\count84
\c@figure=\count85
\c@table=\count86
\abovecaptionskip=\skip41
\belowcaptionskip=\skip42
\bibindent=\dimen102
)
("C:\Program Files\MiKTeX 2.9\tex\latex\graphics\graphicx.sty"
Package: graphicx 1999/02/16 v1.0f Enhanced LaTeX Graphics (DPC,SPQR)

("C:\Program Files\MiKTeX 2.9\tex\latex\graphics\keyval.sty"
Package: keyval 1999/03/16 v1.13 key=value parser (DPC)
\KV@toks@=\toks14
)
("C:\Program Files\MiKTeX 2.9\tex\latex\graphics\graphics.sty"
Package: graphics 2009/02/05 v1.0o Standard LaTeX Graphics (DPC,SPQR)

("C:\Program Files\MiKTeX 2.9\tex\latex\graphics\trig.sty"
Package: trig 1999/03/16 v1.09 sin cos tan (DPC)
)
("C:\Program Files\MiKTeX 2.9\tex\latex\00miktex\graphics.cfg"
File: graphics.cfg 2007/01/18 v1.5 graphics configuration of teTeX/TeXLive
)
Package graphics Info: Driver file: pdftex.def on input line 91.

("C:\Program Files\MiKTeX 2.9\tex\latex\pdftex-def\pdftex.def"
File: pdftex.def 2011/05/27 v0.06d Graphics/color for pdfTeX

("C:\Program Files\MiKTeX 2.9\tex\generic\oberdiek\infwarerr.sty"
Package: infwarerr 2010/04/08 v1.3 Providing info/warning/error messages (HO)
)
("C:\Program Files\MiKTeX 2.9\tex\generic\oberdiek\ltxcmds.sty"
Package: ltxcmds 2011/11/09 v1.22 LaTeX kernel commands for general use (HO)
)
\Gread@gobject=\count87
))
\Gin@req@height=\dimen103
\Gin@req@width=\dimen104
)

LaTeX Warning: Unused global option(s):
    [29.6pt].


(G:\parin_sir\RFID\RF-ID_interfacing_basic\Documentation&tutorial\RFID_manual\r
fid_doc.aux)
LaTeX Font Info:    Checking defaults for OML/cmm/m/it on input line 17.
LaTeX Font Info:    ... okay on input line 17.
LaTeX Font Info:    Checking defaults for T1/cmr/m/n on input line 17.
LaTeX Font Info:    ... okay on input line 17.
LaTeX Font Info:    Checking defaults for OT1/cmr/m/n on input line 17.
LaTeX Font Info:    ... okay on input line 17.
LaTeX Font Info:    Checking defaults for OMS/cmsy/m/n on input line 17.
LaTeX Font Info:    ... okay on input line 17.
LaTeX Font Info:    Checking defaults for OMX/cmex/m/n on input line 17.
LaTeX Font Info:    ... okay on input line 17.
LaTeX Font Info:    Checking defaults for U/cmr/m/n on input line 17.
LaTeX Font Info:    ... okay on input line 17.
 ("C:\Program Files\MiKTeX 2.9\tex\context\base\supp-pdf.mkii"
[Loading MPS to PDF converter (version 2006.09.02).]
\scratchcounter=\count88
\scratchdimen=\dimen105
\scratchbox=\box26
\nofMPsegments=\count89
\nofMParguments=\count90
\everyMPshowfont=\toks15
\MPscratchCnt=\count91
\MPscratchDim=\dimen106
\MPnumerator=\count92
\makeMPintoPDFobject=\count93
\everyMPtoPDFconversion=\toks16
)
LaTeX Font Info:    External font `cmex10' loaded for size
(Font)              <12> on input line 18.
LaTeX Font Info:    External font `cmex10' loaded for size
(Font)              <8> on input line 18.
LaTeX Font Info:    External font `cmex10' loaded for size
(Font)              <6> on input line 18.
 <images/iitb.png, id=1, 301.125pt x 295.1025pt>
File: images/iitb.png Graphic file (type png)
 <use images/iitb.png>
Package pdftex.def Info: images/iitb.png used on input line 27.
(pdftex.def)             Requested size: 96.36195pt x 94.43472pt.

[1

{C:/ProgramData/MiKTeX/2.9/pdftex/config/pdftex.map} <G:/parin_sir/RFID/RF-ID_i
nterfacing_basic/Documentation&tutorial/RFID_manual/images/iitb.png>]
(G:\parin_sir\RFID\RF-ID_interfacing_basic\Documentation&tutorial\RFID_manual\r
fid_doc.toc
LaTeX Font Info:    External font `cmex10' loaded for size
(Font)              <7> on input line 2.
LaTeX Font Info:    External font `cmex10' loaded for size
(Font)              <5> on input line 2.
)
\tf@toc=\write3
 [2]
Underfull \hbox (badness 10000) in paragraph at lines 51--54

 []


Underfull \hbox (badness 10000) in paragraph at lines 51--54

 []

<first.png, id=16, 390.70969pt x 286.06876pt>
File: first.png Graphic file (type png)
 <use first.png>
Package pdftex.def Info: first.png used on input line 57.
(pdftex.def)             Requested size: 195.35435pt x 143.03403pt.
 [3 <G:/parin_sir/RFID/RF-ID_interfacing_basic/Documentation&tutorial/RFID_manu
al/first.png>]
Underfull \hbox (badness 10000) in paragraph at lines 65--67

 []

<em18.png, id=22, 172.39406pt x 172.39406pt>
File: em18.png Graphic file (type png)
 <use em18.png>
Package pdftex.def Info: em18.png used on input line 79.
(pdftex.def)             Requested size: 172.39363pt x 172.39363pt.

<tag.png, id=23, 435.12563pt x 326.72063pt>
File: tag.png Graphic file (type png)
 <use tag.png>
Package pdftex.def Info: tag.png used on input line 81.
(pdftex.def)             Requested size: 165.34944pt x 124.15512pt.

Overfull \hbox (19.56244pt too wide) in paragraph at lines 79--82
[][] \OT1/cmr/m/n/9 [[]][] 
 []

[4 <G:/parin_sir/RFID/RF-ID_interfacing_basic/Documentation&tutorial/RFID_manua
l/em18.png> <G:/parin_sir/RFID/RF-ID_interfacing_basic/Documentation&tutorial/R
FID_manual/tag.png>]
Underfull \hbox (badness 10000) in paragraph at lines 92--93

 []

LaTeX Font Info:    Try loading font information for OMS+cmr on input line 94.
("C:\Program Files\MiKTeX 2.9\tex\latex\base\omscmr.fd"
File: omscmr.fd 1999/05/25 v2.5h Standard LaTeX font definitions
)
LaTeX Font Info:    Font shape `OMS/cmr/m/n' in size <9> not available
(Font)              Font shape `OMS/cmsy/m/n' tried instead on input line 94.
Missing character: There is no â in font cmr10!
Missing character: There is no € in font cmr10!
Missing character: There is no ™ in font cmr10!
Missing character: There is no â in font cmr10!
Missing character: There is no € in font cmr10!
Missing character: There is no ™ in font cmr10!
Missing character: There is no â in font cmr10!
Missing character: There is no € in font cmr10!
Missing character: There is no ™ in font cmr10!
LaTeX Font Info:    Font shape `OMS/cmr/m/n' in size <10> not available
(Font)              Font shape `OMS/cmsy/m/n' tried instead on input line 116.
 [5]
<app.jpg, id=32, 912.40875pt x 614.295pt>
File: app.jpg Graphic file (type jpg)
 <use app.jpg>
Package pdftex.def Info: app.jpg used on input line 126.
(pdftex.def)             Requested size: 364.95703pt x 245.71364pt.

Overfull \hbox (19.95703pt too wide) in paragraph at lines 126--128
[]
 []

[6 <G:/parin_sir/RFID/RF-ID_interfacing_basic/Documentation&tutorial/RFID_manua
l/app.jpg>] <conn.png, id=36, 399.74344pt x 199.49532pt>
File: conn.png Graphic file (type png)
 <use conn.png>
Package pdftex.def Info: conn.png used on input line 139.
(pdftex.def)             Requested size: 199.87122pt x 99.7474pt.

<exp.png, id=37, 408.77719pt x 161.10187pt>
File: exp.png Graphic file (type png)
 <use exp.png>
Package pdftex.def Info: exp.png used on input line 140.
(pdftex.def)             Requested size: 163.50797pt x 64.43959pt.

Overfull \hbox (33.37918pt too wide) in paragraph at lines 139--141
[][][] 
 []

<serial.png, id=38, 378.66469pt x 293.59688pt>
File: serial.png Graphic file (type png)
 <use serial.png>
Package pdftex.def Info: serial.png used on input line 150.
(pdftex.def)             Requested size: 378.66376pt x 293.59615pt.

Underfull \hbox (badness 10000) in paragraph at lines 148--151

 []


Overfull \hbox (33.66376pt too wide) in paragraph at lines 148--151
[] 
 []

[7 <G:/parin_sir/RFID/RF-ID_interfacing_basic/Documentation&tutorial/RFID_manua
l/conn.png> <G:/parin_sir/RFID/RF-ID_interfacing_basic/Documentation&tutorial/R
FID_manual/exp.png> <G:/parin_sir/RFID/RF-ID_interfacing_basic/Documentation&tu
torial/RFID_manual/serial.png>]
Missing character: There is no â in font cmr9!
Missing character: There is no € in font cmr9!
Missing character: There is no ˜ in font cmr9!
Missing character: There is no â in font cmr9!
Missing character: There is no € in font cmr9!
Missing character: There is no ™ in font cmr9!

Underfull \hbox (badness 10000) in paragraph at lines 156--160

 []


Underfull \hbox (badness 10000) in paragraph at lines 156--160

 []


Underfull \hbox (badness 10000) in paragraph at lines 162--163

 []


Underfull \hbox (badness 10000) in paragraph at lines 162--163

 []

Missing character: There is no â in font cmr9!
Missing character: There is no € in font cmr9!
Missing character: There is no ˜ in font cmr9!
Missing character: There is no â in font cmr9!
Missing character: There is no € in font cmr9!
Missing character: There is no ™ in font cmr9!
Missing character: There is no â in font cmr9!
Missing character: There is no € in font cmr9!
Missing character: There is no ˜ in font cmr9!
Missing character: There is no â in font cmr9!
Missing character: There is no € in font cmr9!
Missing character: There is no ™ in font cmr9!

Underfull \hbox (badness 10000) in paragraph at lines 163--164

 []


Underfull \hbox (badness 10000) in paragraph at lines 163--164

 []


Underfull \hbox (badness 10000) in paragraph at lines 164--165

 []


Underfull \hbox (badness 10000) in paragraph at lines 164--165

 []


Underfull \hbox (badness 10000) in paragraph at lines 168--172

 []

[8]
Overfull \hbox (237.74492pt too wide) in paragraph at lines 217--217
[]\OT1/cmtt/m/n/10 The below rf\_return() function is used to return the scanne
d data stored in the variable to a string variable.[] 
 []


Overfull \hbox (127.49588pt too wide) in paragraph at lines 240--240
[]\OT1/cmtt/m/n/10 rf_init_devices(); //initializes the usart3, configures lcd 
ports and initializes the lcd,[] 
 []


Overfull \hbox (221.99506pt too wide) in paragraph at lines 240--240
[]\OT1/cmtt/m/n/10 rf_display(); //this function is used to scan the rfid tag a
nd is used to display the same on the lcd screen[] 
 []

<lcd.png, id=47, 496.10344pt x 225.84375pt>
File: lcd.png Graphic file (type png)
 <use lcd.png>
Package pdftex.def Info: lcd.png used on input line 243.
(pdftex.def)             Requested size: 248.0511pt x 112.92159pt.
 [9]
Missing character: There is no â in font cmr9!
Missing character: There is no € in font cmr9!
Missing character: There is no ˜ in font cmr9!
Missing character: There is no â in font cmr9!
Missing character: There is no € in font cmr9!
Missing character: There is no ™ in font cmr9!

<lcd2.png, id=51, 461.47406pt x 226.59656pt>
File: lcd2.png Graphic file (type png)
 <use lcd2.png>
Package pdftex.def Info: lcd2.png used on input line 251.
(pdftex.def)             Requested size: 230.73645pt x 113.29799pt.

Underfull \hbox (badness 10000) in paragraph at lines 248--253

 []

Missing character: There is no â in font cmr9!
Missing character: There is no € in font cmr9!
Missing character: There is no ™ in font cmr9!
Missing character: There is no â in font cmr9!
Missing character: There is no € in font cmr9!
Missing character: There is no ™ in font cmr9!

Underfull \hbox (badness 10000) in paragraph at lines 255--256

 []


Underfull \hbox (badness 10000) in paragraph at lines 255--256

 []


Underfull \hbox (badness 10000) in paragraph at lines 257--259

 []

[10 <G:/parin_sir/RFID/RF-ID_interfacing_basic/Documentation&tutorial/RFID_manu
al/lcd.png> <G:/parin_sir/RFID/RF-ID_interfacing_basic/Documentation&tutorial/R
FID_manual/lcd2.png>]
! Undefined control sequence.
l.263 \bibitem{em18} \url
                         {http://entesla.com/image/cache/data/Products/RF/em...
The control sequence at the end of the top line
of your error message was never \def'ed. If you have
misspelled it (e.g., `\hobx'), type `I' and the correct
spelling (e.g., `I\hbox'). Otherwise just continue,
and I'll forget about whatever was undefined.


Underfull \hbox (badness 10000) in paragraph at lines 263--264
[]\OT1/cmr/m/n/10 http://entesla.com/image/cache/data/Products/RF/em-18[]rfid[]
module-
 []

! Undefined control sequence.
l.265 \url
          {http://entesla.com/image/data/Products/RF/EM-18\%20application%20...
The control sequence at the end of the top line
of your error message was never \def'ed. If you have
misspelled it (e.g., `\hobx'), type `I' and the correct
spelling (e.g., `I\hbox'). Otherwise just continue,
and I'll forget about whatever was undefined.

! Missing } inserted.
<inserted text> 
                }
l.267 \end{thebibliography}
                           
I've inserted something that you may have forgotten.
(See the <inserted text> above.)
With luck, this will get me unwedged. But if you
really didn't forget anything, try typing `2' now; then
my insertion and my current dilemma will both disappear.

[11]
(G:\parin_sir\RFID\RF-ID_interfacing_basic\Documentation&tutorial\RFID_manual\r
fid_doc.aux) ) 
Here is how much of TeX's memory you used:
 1225 strings out of 493921
 16465 string characters out of 3147273
 67225 words of memory out of 3000000
 4539 multiletter control sequences out of 15000+200000
 8925 words of font info for 32 fonts, out of 3000000 for 9000
 841 hyphenation exceptions out of 8191
 27i,6n,19p,532b,242s stack positions out of 5000i,500n,10000p,200000b,50000s
<C:/Program Files/MiKTeX 2.9/fonts/type1/public/amsfonts/cm/cmbx1
0.pfb><C:/Program Files/MiKTeX 2.9/fonts/type1/public/amsfonts/cm/cmbx12.pfb><C
:/Program Files/MiKTeX 2.9/fonts/type1/public/amsfonts/cm/cmbx9.pfb><C:/Program
 Files/MiKTeX 2.9/fonts/type1/public/amsfonts/cm/cmr10.pfb><C:/Program Files/Mi
KTeX 2.9/fonts/type1/public/amsfonts/cm/cmr12.pfb><C:/Program Files/MiKTeX 2.9/
fonts/type1/public/amsfonts/cm/cmr17.pfb><C:/Program Files/MiKTeX 2.9/fonts/typ
e1/public/amsfonts/cm/cmr9.pfb><C:/Program Files/MiKTeX 2.9/fonts/type1/public/
amsfonts/cm/cmsy10.pfb><C:/Program Files/MiKTeX 2.9/fonts/type1/public/amsfonts
/cm/cmsy9.pfb><C:/Program Files/MiKTeX 2.9/fonts/type1/public/amsfonts/cm/cmtt1
0.pfb>
Output written on rfid_doc.pdf (11 pages, 2363761 bytes).
PDF statistics:
 90 PDF objects out of 1000 (max. 8388607)
 0 named destinations out of 1000 (max. 500000)
 51 words of extra memory for PDF output out of 10000 (max. 10000000)

