This is pdfTeX, Version 3.1415926-2.5-1.40.14 (MiKTeX 2.9) (preloaded format=pdflatex 2014.6.26)  7 JUL 2014 22:36
entering extended mode
**Ultrasonic.tex
(D:\rfid_doc_latex\Ultrasonic.tex
LaTeX2e <2011/06/27>
Babel <v3.8m> and hyphenation patterns for english, afrikaans, ancientgreek, arabic, armenian, assamese, basque, bengali
, bokmal, bulgarian, catalan, coptic, croatian, czech, danish, dutch, esperanto, estonian, farsi, finnish, french, galic
ian, german, german-x-2013-05-26, greek, gujarati, hindi, hungarian, icelandic, indonesian, interlingua, irish, italian,
 kannada, kurmanji, latin, latvian, lithuanian, malayalam, marathi, mongolian, mongolianlmc, monogreek, ngerman, ngerman
-x-2013-05-26, nynorsk, oriya, panjabi, pinyin, polish, portuguese, romanian, russian, sanskrit, serbian, slovak, sloven
ian, spanish, swedish, swissgerman, tamil, telugu, turkish, turkmen, ukenglish, ukrainian, uppersorbian, usenglishmax, w
elsh, loaded.
("C:\Program Files\MiKTeX 2.9new\tex\latex\base\article.cls"
Document Class: article 2007/10/19 v1.4h Standard LaTeX document class
("C:\Program Files\MiKTeX 2.9new\tex\latex\base\size10.clo"
File: size10.clo 2007/10/19 v1.4h Standard LaTeX file (size option)
)
\c@part=\count79
\c@section=\count80
\c@subsection=\count81
\c@subsubsection=\count82
\c@paragraph=\count83
\c@subparagraph=\count84
\c@figure=\count85
\c@table=\count86
\abovecaptionskip=\skip41
\belowcaptionskip=\skip42
\bibindent=\dimen102
)
("C:\Program Files\MiKTeX 2.9new\tex\latex\graphics\graphicx.sty"
Package: graphicx 1999/02/16 v1.0f Enhanced LaTeX Graphics (DPC,SPQR)

("C:\Program Files\MiKTeX 2.9new\tex\latex\graphics\keyval.sty"
Package: keyval 1999/03/16 v1.13 key=value parser (DPC)
\KV@toks@=\toks14
)
("C:\Program Files\MiKTeX 2.9new\tex\latex\graphics\graphics.sty"
Package: graphics 2009/02/05 v1.0o Standard LaTeX Graphics (DPC,SPQR)

("C:\Program Files\MiKTeX 2.9new\tex\latex\graphics\trig.sty"
Package: trig 1999/03/16 v1.09 sin cos tan (DPC)
)
("C:\Program Files\MiKTeX 2.9new\tex\latex\00miktex\graphics.cfg"
File: graphics.cfg 2007/01/18 v1.5 graphics configuration of teTeX/TeXLive
)
Package graphics Info: Driver file: pdftex.def on input line 91.

("C:\Program Files\MiKTeX 2.9new\tex\latex\pdftex-def\pdftex.def"
File: pdftex.def 2011/05/27 v0.06d Graphics/color for pdfTeX

("C:\Program Files\MiKTeX 2.9new\tex\generic\oberdiek\infwarerr.sty"
Package: infwarerr 2010/04/08 v1.3 Providing info/warning/error messages (HO)
)
("C:\Program Files\MiKTeX 2.9new\tex\generic\oberdiek\ltxcmds.sty"
Package: ltxcmds 2011/11/09 v1.22 LaTeX kernel commands for general use (HO)
)
\Gread@gobject=\count87
))
\Gin@req@height=\dimen103
\Gin@req@width=\dimen104
)

LaTeX Warning: Unused global option(s):
    [29.6pt].

(D:\rfid_doc_latex\Ultrasonic.aux)
LaTeX Font Info:    Checking defaults for OML/cmm/m/it on input line 20.
LaTeX Font Info:    ... okay on input line 20.
LaTeX Font Info:    Checking defaults for T1/cmr/m/n on input line 20.
LaTeX Font Info:    ... okay on input line 20.
LaTeX Font Info:    Checking defaults for OT1/cmr/m/n on input line 20.
LaTeX Font Info:    ... okay on input line 20.
LaTeX Font Info:    Checking defaults for OMS/cmsy/m/n on input line 20.
LaTeX Font Info:    ... okay on input line 20.
LaTeX Font Info:    Checking defaults for OMX/cmex/m/n on input line 20.
LaTeX Font Info:    ... okay on input line 20.
LaTeX Font Info:    Checking defaults for U/cmr/m/n on input line 20.
LaTeX Font Info:    ... okay on input line 20.
 ("C:\Program Files\MiKTeX 2.9new\tex\context\base\supp-pdf.mkii"
[Loading MPS to PDF converter (version 2006.09.02).]
\scratchcounter=\count88
\scratchdimen=\dimen105
\scratchbox=\box26
\nofMPsegments=\count89
\nofMParguments=\count90
\everyMPshowfont=\toks15
\MPscratchCnt=\count91
\MPscratchDim=\dimen106
\MPnumerator=\count92
\makeMPintoPDFobject=\count93
\everyMPtoPDFconversion=\toks16
)
LaTeX Font Info:    External font `cmex10' loaded for size
(Font)              <12> on input line 21.
LaTeX Font Info:    External font `cmex10' loaded for size
(Font)              <8> on input line 21.
LaTeX Font Info:    External font `cmex10' loaded for size
(Font)              <6> on input line 21.
 <images/iitb.png, id=1, 301.125pt x 295.1025pt>
File: images/iitb.png Graphic file (type png)
 <use images/iitb.png>
Package pdftex.def Info: images/iitb.png used on input line 30.
(pdftex.def)             Requested size: 96.36195pt x 94.43472pt.
 [1

{C:/ProgramData/MiKTeX/2.9/pdftex/config/pdftex.map} <D:/rfid_doc_latex/images/iitb.png>] (D:\rfid_doc_latex\Ultrasonic.
toc
LaTeX Font Info:    External font `cmex10' loaded for size
(Font)              <7> on input line 3.
LaTeX Font Info:    External font `cmex10' loaded for size
(Font)              <5> on input line 3.
)
\tf@toc=\write3
 [2]
Underfull \hbox (badness 10000) in paragraph at lines 54--55

 []

Missing character: There is no â in font cmr12!
Missing character: There is no € in font cmr12!
Missing character: There is no “ in font cmr12!
Missing character: There is no â in font cmr12!
Missing character: There is no € in font cmr12!
Missing character: There is no “ in font cmr12!

Underfull \hbox (badness 10000) in paragraph at lines 56--59

 []


Underfull \hbox (badness 10000) in paragraph at lines 56--59

 []

<1.png, id=16, 472.01344pt x 341.77687pt>
File: 1.png Graphic file (type png)
 <use 1.png>
Package pdftex.def Info: 1.png used on input line 62.
(pdftex.def)             Requested size: 236.00613pt x 170.88802pt.
 [3 <D:/rfid_doc_latex/1.png>] <3.jpg, id=23, 803.0pt x 602.25pt>
File: 3.jpg Graphic file (type jpg)

<use 3.jpg>
Package pdftex.def Info: 3.jpg used on input line 73.
(pdftex.def)             Requested size: 165.59853pt x 124.1972pt.
Missing character: There is no â in font cmr9!
Missing character: There is no € in font cmr9!
Missing character: There is no “ in font cmr9!
Missing character: There is no â in font cmr9!
Missing character: There is no € in font cmr9!
Missing character: There is no “ in font cmr9!
LaTeX Font Info:    External font `cmex10' loaded for size
(Font)              <9> on input line 85.

Underfull \hbox (badness 10000) in paragraph at lines 79--86

 []


Underfull \hbox (badness 10000) in paragraph at lines 90--92

 []


Underfull \hbox (badness 10000) in paragraph at lines 90--92

 []


Underfull \hbox (badness 10000) in paragraph at lines 97--98

 []

[4 <D:/rfid_doc_latex/3.jpg>] <2.png, id=29, 401.24907pt x 409.53pt>
File: 2.png Graphic file (type png)
 <use 2.png>
Package pdftex.def Info: 2.png used on input line 105.
(pdftex.def)             Requested size: 200.62404pt x 204.7645pt.

<4.png, id=30, 586.44093pt x 390.70969pt>
File: 4.png Graphic file (type png)
 <use 4.png>
Package pdftex.def Info: 4.png used on input line 124.
(pdftex.def)             Requested size: 293.21974pt x 195.35435pt.
 [5 <D:/rfid_doc_latex/2.png> <D:/rfid_doc_latex/4.png>]
Underfull \hbox (badness 10000) in paragraph at lines 159--166

 []

[6] <adc.png, id=39, 487.06969pt x 111.41624pt>
File: adc.png Graphic file (type png)
 <use adc.png>
Package pdftex.def Info: adc.png used on input line 169.
(pdftex.def)             Requested size: 365.30136pt x 83.56197pt.

Overfull \hbox (20.30136pt too wide) in paragraph at lines 169--170
 [] 
 []


Underfull \hbox (badness 10000) in paragraph at lines 176--183

 []

<app2.png, id=40, 350.81062pt x 307.90031pt>
File: app2.png Graphic file (type png)
 <use app2.png>
Package pdftex.def Info: app2.png used on input line 184.
(pdftex.def)             Requested size: 263.10732pt x 230.92465pt.
 [7 <D:/rfid_doc_latex/adc.png> <D:/rfid_doc_latex/app2.png>] <5.png, id=45, 380.17032pt x 191.9672pt>
File: 5.png Graphic file (type png)
 <use 5.png>
Package pdftex.def Info: 5.png used on input line 193.
(pdftex.def)             Requested size: 285.12703pt x 143.97504pt.

! Undefined control sequence.
l.203 \TINY
           
The control sequence at the end of the top line
of your error message was never \def'ed. If you have
misspelled it (e.g., `\hobx'), type `I' and the correct
spelling (e.g., `I\hbox'). Otherwise just continue,
and I'll forget about whatever was undefined.

! Undefined control sequence.
l.205 \toprule
              
The control sequence at the end of the top line
of your error message was never \def'ed. If you have
misspelled it (e.g., `\hobx'), type `I' and the correct
spelling (e.g., `I\hbox'). Otherwise just continue,
and I'll forget about whatever was undefined.

! Undefined control sequence.
<recently read> \midrule 
                         
l.207 \midrule
              
The control sequence at the end of the top line
of your error message was never \def'ed. If you have
misspelled it (e.g., `\hobx'), type `I' and the correct
spelling (e.g., `I\hbox'). Otherwise just continue,
and I'll forget about whatever was undefined.

! Undefined control sequence.
<recently read> \bottomrule 
                            
l.221 \bottomrule
                 
The control sequence at the end of the top line
of your error message was never \def'ed. If you have
misspelled it (e.g., `\hobx'), type `I' and the correct
spelling (e.g., `I\hbox'). Otherwise just continue,
and I'll forget about whatever was undefined.

[8 <D:/rfid_doc_latex/5.png>]
! Undefined control sequence.
l.245 \url
          {https://solarbotics.com/product/35230/}
The control sequence at the end of the top line
of your error message was never \def'ed. If you have
misspelled it (e.g., `\hobx'), type `I' and the correct
spelling (e.g., `I\hbox'). Otherwise just continue,
and I'll forget about whatever was undefined.

[9] (D:\rfid_doc_latex\Ultrasonic.aux) ) 
Here is how much of TeX's memory you used:
 1193 strings out of 493921
 15429 string characters out of 3146079
 67122 words of memory out of 3000000
 4510 multiletter control sequences out of 15000+200000
 9282 words of font info for 33 fonts, out of 3000000 for 9000
 841 hyphenation exceptions out of 8191
 27i,7n,19p,486b,230s stack positions out of 5000i,500n,10000p,200000b,50000s
<C:/Program Files/MiKTeX 2.9new/fonts/type1/public/amsfonts/cm/cmbx10.pfb><C:/Pr
ogram Files/MiKTeX 2.9new/fonts/type1/public/amsfonts/cm/cmbx12.pfb><C:/Program Files/MiKTeX 2.9new/fonts/type1/public/a
msfonts/cm/cmbx9.pfb><C:/Program Files/MiKTeX 2.9new/fonts/type1/public/amsfonts/cm/cmmi6.pfb><C:/Program Files/MiKTeX 2
.9new/fonts/type1/public/amsfonts/cm/cmmi9.pfb><C:/Program Files/MiKTeX 2.9new/fonts/type1/public/amsfonts/cm/cmr10.pfb>
<C:/Program Files/MiKTeX 2.9new/fonts/type1/public/amsfonts/cm/cmr12.pfb><C:/Program Files/MiKTeX 2.9new/fonts/type1/pub
lic/amsfonts/cm/cmr17.pfb><C:/Program Files/MiKTeX 2.9new/fonts/type1/public/amsfonts/cm/cmr9.pfb><C:/Program Files/MiKT
eX 2.9new/fonts/type1/public/amsfonts/cm/cmsy9.pfb><C:/Program Files/MiKTeX 2.9new/fonts/type1/public/amsfonts/cm/cmtt9.
pfb>
Output written on Ultrasonic.pdf (9 pages, 2668964 bytes).
PDF statistics:
 87 PDF objects out of 1000 (max. 8388607)
 0 named destinations out of 1000 (max. 500000)
 41 words of extra memory for PDF output out of 10000 (max. 10000000)

